<?xml version="1.0" encoding="UTF-8"?>
<!-- Generated by org.testng.reporters.JUnitXMLReporter -->
<testsuite ignored="0" hostname="LAPTOP-V8I1T5HB" failures="0" tests="6" name="Default test" time="27.675" errors="0" timestamp="2021-11-26T17:01:44 IST">
  <testcase classname="com.datadriven.test.SignUpTest" name="signUpTest" time="1.253"/>
  <testcase classname="com.datadriven.test.SignUpTest" name="signUpTest" time="1.114"/>
  <testcase classname="com.datadriven.test.SignUpTest" name="signUpTest" time="1.05"/>
  <testcase classname="com.datadriven.test.SignUpTest" name="signUpTest" time="1.02"/>
  <testcase classname="com.datadriven.test.SignUpTest" name="signUpTest" time="1.174"/>
  <testcase classname="com.datadriven.test.SignUpTest" name="signUpTest" time="0.991"/>
</testsuite> <!-- Default test -->
