<?xml version="1.0" encoding="UTF-8"?>
<testng-results ignored="0" total="6" passed="6" failed="0" skipped="0">
  <reporter-output>
  </reporter-output>
  <suite started-at="2021-11-26T17:01:16 IST" name="Default suite" finished-at="2021-11-26T17:01:44 IST" duration-ms="27675">
    <groups>
    </groups>
    <test started-at="2021-11-26T17:01:16 IST" name="Default test" finished-at="2021-11-26T17:01:44 IST" duration-ms="27675">
      <class name="com.datadriven.test.SignUpTest">
        <test-method is-config="true" signature="setUp()[pri:0, instance:com.datadriven.test.SignUpTest@2805d709]" started-at="2021-11-26T17:01:17 IST" name="setUp" finished-at="2021-11-26T17:01:21 IST" duration-ms="4290" status="PASS">
          <reporter-output>
          </reporter-output>
        </test-method> <!-- setUp -->
        <test-method signature="signUpTest(java.lang.String,java.lang.String,java.lang.String,java.lang.String,java.lang.String,java.lang.String,java.lang.String)[pri:0, instance:com.datadriven.test.SignUpTest@2805d709]" started-at="2021-11-26T17:01:21 IST" name="signUpTest" data-provider="getTestData" finished-at="2021-11-26T17:01:23 IST" duration-ms="1253" status="PASS">
          <params>
            <param index="0">
              <value>
                <![CDATA[mani]]>
              </value>
            </param>
            <param index="1">
              <value>
                <![CDATA[maran]]>
              </value>
            </param>
            <param index="2">
              <value>
                <![CDATA[98590.0]]>
              </value>
            </param>
            <param index="3">
              <value>
                <![CDATA[india]]>
              </value>
            </param>
            <param index="4">
              <value>
                <![CDATA[bombay]]>
              </value>
            </param>
            <param index="5">
              <value>
                <![CDATA[test1@email.com]]>
              </value>
            </param>
            <param index="6">
              <value>
                <![CDATA[Morning]]>
              </value>
            </param>
          </params>
          <reporter-output>
          </reporter-output>
        </test-method> <!-- signUpTest -->
        <test-method is-config="true" signature="tearDown()[pri:0, instance:com.datadriven.test.SignUpTest@2805d709]" started-at="2021-11-26T17:01:23 IST" name="tearDown" finished-at="2021-11-26T17:01:23 IST" duration-ms="190" status="PASS">
          <reporter-output>
          </reporter-output>
        </test-method> <!-- tearDown -->
        <test-method is-config="true" signature="setUp()[pri:0, instance:com.datadriven.test.SignUpTest@2805d709]" started-at="2021-11-26T17:01:23 IST" name="setUp" finished-at="2021-11-26T17:01:26 IST" duration-ms="2853" status="PASS">
          <reporter-output>
          </reporter-output>
        </test-method> <!-- setUp -->
        <test-method signature="signUpTest(java.lang.String,java.lang.String,java.lang.String,java.lang.String,java.lang.String,java.lang.String,java.lang.String)[pri:0, instance:com.datadriven.test.SignUpTest@2805d709]" started-at="2021-11-26T17:01:26 IST" name="signUpTest" data-provider="getTestData" finished-at="2021-11-26T17:01:27 IST" duration-ms="1114" status="PASS">
          <params>
            <param index="0">
              <value>
                <![CDATA[kalai]]>
              </value>
            </param>
            <param index="1">
              <value>
                <![CDATA[selvan]]>
              </value>
            </param>
            <param index="2">
              <value>
                <![CDATA[95339.0]]>
              </value>
            </param>
            <param index="3">
              <value>
                <![CDATA[austraila]]>
              </value>
            </param>
            <param index="4">
              <value>
                <![CDATA[canberra]]>
              </value>
            </param>
            <param index="5">
              <value>
                <![CDATA[test2@email.com]]>
              </value>
            </param>
            <param index="6">
              <value>
                <![CDATA[Evening]]>
              </value>
            </param>
          </params>
          <reporter-output>
          </reporter-output>
        </test-method> <!-- signUpTest -->
        <test-method is-config="true" signature="tearDown()[pri:0, instance:com.datadriven.test.SignUpTest@2805d709]" started-at="2021-11-26T17:01:27 IST" name="tearDown" finished-at="2021-11-26T17:01:27 IST" duration-ms="184" status="PASS">
          <reporter-output>
          </reporter-output>
        </test-method> <!-- tearDown -->
        <test-method is-config="true" signature="setUp()[pri:0, instance:com.datadriven.test.SignUpTest@2805d709]" started-at="2021-11-26T17:01:27 IST" name="setUp" finished-at="2021-11-26T17:01:30 IST" duration-ms="2929" status="PASS">
          <reporter-output>
          </reporter-output>
        </test-method> <!-- setUp -->
        <test-method signature="signUpTest(java.lang.String,java.lang.String,java.lang.String,java.lang.String,java.lang.String,java.lang.String,java.lang.String)[pri:0, instance:com.datadriven.test.SignUpTest@2805d709]" started-at="2021-11-26T17:01:30 IST" name="signUpTest" data-provider="getTestData" finished-at="2021-11-26T17:01:31 IST" duration-ms="1050" status="PASS">
          <params>
            <param index="0">
              <value>
                <![CDATA[andrew]]>
              </value>
            </param>
            <param index="1">
              <value>
                <![CDATA[tye]]>
              </value>
            </param>
            <param index="2">
              <value>
                <![CDATA[92088.0]]>
              </value>
            </param>
            <param index="3">
              <value>
                <![CDATA[usa]]>
              </value>
            </param>
            <param index="4">
              <value>
                <![CDATA[virginia]]>
              </value>
            </param>
            <param index="5">
              <value>
                <![CDATA[test3@email.com]]>
              </value>
            </param>
            <param index="6">
              <value>
                <![CDATA[Morning]]>
              </value>
            </param>
          </params>
          <reporter-output>
          </reporter-output>
        </test-method> <!-- signUpTest -->
        <test-method is-config="true" signature="tearDown()[pri:0, instance:com.datadriven.test.SignUpTest@2805d709]" started-at="2021-11-26T17:01:31 IST" name="tearDown" finished-at="2021-11-26T17:01:31 IST" duration-ms="213" status="PASS">
          <reporter-output>
          </reporter-output>
        </test-method> <!-- tearDown -->
        <test-method is-config="true" signature="setUp()[pri:0, instance:com.datadriven.test.SignUpTest@2805d709]" started-at="2021-11-26T17:01:31 IST" name="setUp" finished-at="2021-11-26T17:01:34 IST" duration-ms="2833" status="PASS">
          <reporter-output>
          </reporter-output>
        </test-method> <!-- setUp -->
        <test-method signature="signUpTest(java.lang.String,java.lang.String,java.lang.String,java.lang.String,java.lang.String,java.lang.String,java.lang.String)[pri:0, instance:com.datadriven.test.SignUpTest@2805d709]" started-at="2021-11-26T17:01:34 IST" name="signUpTest" data-provider="getTestData" finished-at="2021-11-26T17:01:35 IST" duration-ms="1020" status="PASS">
          <params>
            <param index="0">
              <value>
                <![CDATA[solai]]>
              </value>
            </param>
            <param index="1">
              <value>
                <![CDATA[rajan]]>
              </value>
            </param>
            <param index="2">
              <value>
                <![CDATA[88837.0]]>
              </value>
            </param>
            <param index="3">
              <value>
                <![CDATA[spain]]>
              </value>
            </param>
            <param index="4">
              <value>
                <![CDATA[madrid]]>
              </value>
            </param>
            <param index="5">
              <value>
                <![CDATA[test4@email.com]]>
              </value>
            </param>
            <param index="6">
              <value>
                <![CDATA[Afternoon]]>
              </value>
            </param>
          </params>
          <reporter-output>
          </reporter-output>
        </test-method> <!-- signUpTest -->
        <test-method is-config="true" signature="tearDown()[pri:0, instance:com.datadriven.test.SignUpTest@2805d709]" started-at="2021-11-26T17:01:35 IST" name="tearDown" finished-at="2021-11-26T17:01:35 IST" duration-ms="176" status="PASS">
          <reporter-output>
          </reporter-output>
        </test-method> <!-- tearDown -->
        <test-method is-config="true" signature="setUp()[pri:0, instance:com.datadriven.test.SignUpTest@2805d709]" started-at="2021-11-26T17:01:35 IST" name="setUp" finished-at="2021-11-26T17:01:38 IST" duration-ms="2756" status="PASS">
          <reporter-output>
          </reporter-output>
        </test-method> <!-- setUp -->
        <test-method signature="signUpTest(java.lang.String,java.lang.String,java.lang.String,java.lang.String,java.lang.String,java.lang.String,java.lang.String)[pri:0, instance:com.datadriven.test.SignUpTest@2805d709]" started-at="2021-11-26T17:01:38 IST" name="signUpTest" data-provider="getTestData" finished-at="2021-11-26T17:01:39 IST" duration-ms="1174" status="PASS">
          <params>
            <param index="0">
              <value>
                <![CDATA[holtan]]>
              </value>
            </param>
            <param index="1">
              <value>
                <![CDATA[prabakar]]>
              </value>
            </param>
            <param index="2">
              <value>
                <![CDATA[85586.0]]>
              </value>
            </param>
            <param index="3">
              <value>
                <![CDATA[france]]>
              </value>
            </param>
            <param index="4">
              <value>
                <![CDATA[paris]]>
              </value>
            </param>
            <param index="5">
              <value>
                <![CDATA[test5@email.com]]>
              </value>
            </param>
            <param index="6">
              <value>
                <![CDATA[Morning]]>
              </value>
            </param>
          </params>
          <reporter-output>
          </reporter-output>
        </test-method> <!-- signUpTest -->
        <test-method is-config="true" signature="tearDown()[pri:0, instance:com.datadriven.test.SignUpTest@2805d709]" started-at="2021-11-26T17:01:39 IST" name="tearDown" finished-at="2021-11-26T17:01:39 IST" duration-ms="181" status="PASS">
          <reporter-output>
          </reporter-output>
        </test-method> <!-- tearDown -->
        <test-method is-config="true" signature="setUp()[pri:0, instance:com.datadriven.test.SignUpTest@2805d709]" started-at="2021-11-26T17:01:39 IST" name="setUp" finished-at="2021-11-26T17:01:42 IST" duration-ms="3125" status="PASS">
          <reporter-output>
          </reporter-output>
        </test-method> <!-- setUp -->
        <test-method signature="signUpTest(java.lang.String,java.lang.String,java.lang.String,java.lang.String,java.lang.String,java.lang.String,java.lang.String)[pri:0, instance:com.datadriven.test.SignUpTest@2805d709]" started-at="2021-11-26T17:01:42 IST" name="signUpTest" data-provider="getTestData" finished-at="2021-11-26T17:01:43 IST" duration-ms="991" status="PASS">
          <params>
            <param index="0">
              <value>
                <![CDATA[tamil]]>
              </value>
            </param>
            <param index="1">
              <value>
                <![CDATA[selvi]]>
              </value>
            </param>
            <param index="2">
              <value>
                <![CDATA[82335.0]]>
              </value>
            </param>
            <param index="3">
              <value>
                <![CDATA[china]]>
              </value>
            </param>
            <param index="4">
              <value>
                <![CDATA[hongkong]]>
              </value>
            </param>
            <param index="5">
              <value>
                <![CDATA[test6@email.com]]>
              </value>
            </param>
            <param index="6">
              <value>
                <![CDATA[Evening]]>
              </value>
            </param>
          </params>
          <reporter-output>
          </reporter-output>
        </test-method> <!-- signUpTest -->
        <test-method is-config="true" signature="tearDown()[pri:0, instance:com.datadriven.test.SignUpTest@2805d709]" started-at="2021-11-26T17:01:43 IST" name="tearDown" finished-at="2021-11-26T17:01:44 IST" duration-ms="253" status="PASS">
          <reporter-output>
          </reporter-output>
        </test-method> <!-- tearDown -->
      </class> <!-- com.datadriven.test.SignUpTest -->
    </test> <!-- Default test -->
  </suite> <!-- Default suite -->
</testng-results>
